##########################################################################################################################
#
# SETUP SECTION
#
##########################################################################################################################
remove_design -all
1
set sh_output_log_file reports/dc.log
reports/dc.log
set REF_LIB_PATH       $env(REF_LIB_PATH)
/research/cas/public/DT2_2023/lib
set DC_ALIB_PATH       "${REF_LIB_PATH}/logic_lib/alib-52"
/research/cas/public/DT2_2023/lib/logic_lib/alib-52
set search_path        "${REF_LIB_PATH}/logic_lib $search_path"
/research/cas/public/DT2_2023/lib/logic_lib . /sw/rhel7/synopsys/syn/T-2022.03-SP5-1/libraries/syn /sw/rhel7/synopsys/syn/T-2022.03-SP5-1/dw/syn_ver /sw/rhel7/synopsys/syn/T-2022.03-SP5-1/dw/sim_ver
set target_library     "saed32hvt_tt1p05v25c.db"
saed32hvt_tt1p05v25c.db
set synthetic_library  "dw_foundation.sldb"
dw_foundation.sldb
set link_library       "* saed32hvt_tt1p05v25c.db dw_foundation.sldb"
* saed32hvt_tt1p05v25c.db dw_foundation.sldb
set_app_var alib_library_analysis_path $DC_ALIB_PATH
/research/cas/public/DT2_2023/lib/logic_lib/alib-52
saif_map -start
Information: The SAIF name mapping information database is now active. (PWR-602)
1
define_design_lib WORK -path output/synopsys_work
1
source input/0_setup_design.tcl 
input/acs_test.sv input/acs_tb.sv
set user $::env(USER)
nsreegit22
set char  [string index $user 0]
n
scan $char %c numval
1
set derate [expr { 1.0 + ( ($numval-96.0) / 500 ) } ]
1.028
echo $derate
1.028
##########################################################################################################################
#
# DESIGN IMPORT
#
##########################################################################################################################
analyze -library WORK -format sverilog ${RTL_FILES}
Running PRESTO HDLC
Compiling source file ./input/acs.sv
Presto compilation completed successfully.
Loading db file '/research/cas/public/DT2_2023/lib/logic_lib/saed32hvt_tt1p05v25c.db'
Loading db file '/sw/rhel7/synopsys/syn/T-2022.03-SP5-1/libraries/syn/dw_foundation.sldb'
1
elaborate $DESIGN_NAME -library WORK
Loading db file '/sw/rhel7/synopsys/syn/T-2022.03-SP5-1/libraries/syn/gtech.db'
Loading db file '/sw/rhel7/synopsys/syn/T-2022.03-SP5-1/libraries/syn/standard.sldb'
  Loading link library 'saed32hvt_tt1p05v25c'
  Loading link library 'gtech'
Running PRESTO HDLC
Presto compilation completed successfully. (acs)
Elaborated 1 design.
Current design is now 'acs'.
1
current_design ${DESIGN_NAME}
Current design is 'acs'.
{acs}
if { [ file exists input/constraints.sdc] } {
    read_sdc input/constraints.sdc
}

Reading SDC version 2.1...
1
if { [ file exists input/constraints.tcl] } {
    source input/constraints.tcl
}
##########################################################################################################################
#
# OPTIMIZATION
#
##########################################################################################################################
set_timing_derate -max -late $derate
1
if { [info exists DC_COMPILE_COMMAND] } {
    eval "$DC_COMPILE_COMMAND"
} else {
    compile_ultra
}
Information: Performing power optimization. (PWR-850)
Alib files are up-to-date.
Information: Evaluating DesignWare library utilization. (UISN-27)

============================================================================
| DesignWare Building Block Library  |         Version         | Available |
============================================================================
| Basic DW Building Blocks           | T-2022.03-DWBB_202203.4 |     *     |
| Licensed DW Building Blocks        | T-2022.03-DWBB_202203.4 |     *     |
============================================================================

====================================================================================================
| Flow Information                                                                                 |
----------------------------------------------------------------------------------------------------
| Flow         | Design Compiler WLM                                                               |
| Comand Line  | compile_ultra                                                                     |
====================================================================================================
| Design Information                                      | Value                                  |
====================================================================================================
| Number of Scenarios                                     | 0                                      |
| Leaf Cell Count                                         | 8                                      |
| Number of User Hierarchies                              | 0                                      |
| Sequential Cell Count                                   | 0                                      |
| Macro Count                                             | 0                                      |
| Number of Power Domains                                 | 0                                      |
| Number of Path Groups                                   | 1                                      |
| Number of VT Class                                      | 1                                      |
| Number of Clocks                                        | 0                                      |
| Number of Dont Touch Cells                              | 2                                      |
| Number of Dont Touch Nets                               | 0                                      |
| Number of Size Only Cells                               | 0                                      |
| Design with UPF Data                                    | false                                  |
====================================================================================================
Information: Sequential output inversion is enabled.  SVF file must be used for formal verification. (OPT-1208)
  Simplifying Design 'acs'

Loaded alib file '/research/cas/public/DT2_2023/lib/logic_lib/alib-52/saed32hvt_tt1p05v25c.db.alib'
  Building model 'DW01_NAND2'
Information: Ungrouping 0 of 1 hierarchies before Pass 1 (OPT-775)
Information: State dependent leakage is now switched from on to off.

  Beginning Pass 1 Mapping
  ------------------------
  Processing 'acs'
 Implement Synthetic for 'acs'.

  Updating timing information
Information: Updating design information... (UID-85)
Information: The library cell 'PMT3_HVT' in the library 'saed32hvt_tt1p05v25c' is not characterized for internal power. (PWR-536)
Information: The library cell 'PMT2_HVT' in the library 'saed32hvt_tt1p05v25c' is not characterized for internal power. (PWR-536)
Information: The library cell 'PMT1_HVT' in the library 'saed32hvt_tt1p05v25c' is not characterized for internal power. (PWR-536)
Information: The library cell 'NMT3_HVT' in the library 'saed32hvt_tt1p05v25c' is not characterized for internal power. (PWR-536)
Information: The library cell 'NMT2_HVT' in the library 'saed32hvt_tt1p05v25c' is not characterized for internal power. (PWR-536)
Information: The library cell 'NMT1_HVT' in the library 'saed32hvt_tt1p05v25c' is not characterized for internal power. (PWR-536)
Information: The target library(s) contains cell(s), other than black boxes, that are not characterized for internal power. (PWR-24)

Threshold voltage group cell usage:
>> saed32cell_hvt 100.00%

  Beginning Mapping Optimizations  (Ultra High effort)
  -------------------------------
Information: Added key list 'DesignWare' to design 'acs'. (DDB-72)
  Mapping Optimization (Phase 1)
  Mapping Optimization (Phase 2)
  Mapping Optimization (Phase 3)

                                  TOTAL                                                
   ELAPSED            WORST NEG   SETUP    DESIGN                              LEAKAGE 
    TIME      AREA      SLACK     COST    RULE COST         ENDPOINT            POWER  
  --------- --------- --------- --------- --------- ------------------------- ---------
    0:00:03    1451.2      0.63      14.0       0.0                           14353532.0000
    0:00:03    1451.2      0.63      14.0       0.0                           14353532.0000

Threshold voltage group cell usage:
>> saed32cell_hvt 100.00%

  Beginning Constant Register Removal
  -----------------------------------
    0:00:04    1451.2      0.63      14.0       0.0                           14353532.0000
    0:00:04    1451.2      0.63      14.0       0.0                           14353532.0000

Threshold voltage group cell usage:
>> saed32cell_hvt 100.00%

  Beginning Global Optimizations
  ------------------------------
  Numerical Synthesis (Phase 1)
  Numerical Synthesis (Phase 2)
  Global Optimization (Phase 1)
  Global Optimization (Phase 2)
  Global Optimization (Phase 3)
  Global Optimization (Phase 4)
  Global Optimization (Phase 5)
  Global Optimization (Phase 6)
  Global Optimization (Phase 7)
  Global Optimization (Phase 8)
  Global Optimization (Phase 9)
  Global Optimization (Phase 10)
  Global Optimization (Phase 11)
  Global Optimization (Phase 12)
  Global Optimization (Phase 13)
  Global Optimization (Phase 14)
  Global Optimization (Phase 15)
  Global Optimization (Phase 16)
  Global Optimization (Phase 17)
  Global Optimization (Phase 18)
  Global Optimization (Phase 19)
  Global Optimization (Phase 20)
  Global Optimization (Phase 21)
  Global Optimization (Phase 22)
  Global Optimization (Phase 23)
  Global Optimization (Phase 24)
  Global Optimization (Phase 25)
  Global Optimization (Phase 26)
  Global Optimization (Phase 27)
  Global Optimization (Phase 28)
  Global Optimization (Phase 29)
  Global Optimization (Phase 30)

Threshold voltage group cell usage:
>> saed32cell_hvt 100.00%

  Beginning Isolate Ports
  -----------------------

Threshold voltage group cell usage:
>> saed32cell_hvt 100.00%

  Beginning Delay Optimization
  ----------------------------
    0:00:04    1349.0      0.74      16.5       0.0                           4492970.5000
  Mapping 'acs_DW01_add_8'
    0:00:04    1365.0      0.72      16.1       0.0                           4846014.0000
    0:00:04    1365.5      0.70      15.9       0.0                           4858534.5000
  Mapping 'acs_DW01_add_9'
    0:00:04    1362.7      0.74      17.3       0.0                           4858411.0000
    0:00:04    1363.0      0.73      17.3       0.0                           4864671.5000
    0:00:06    1369.3      0.49      11.3       0.0                           6179691.0000
    0:00:06    1369.3      0.49      11.3       0.0                           6179691.0000
    0:00:06    1369.3      0.49      11.3       0.0                           6179691.0000

Threshold voltage group cell usage:
>> saed32cell_hvt 100.00%
    0:00:06    1369.3      0.49      11.3       0.0                           6179691.0000
    0:00:06    1366.5      0.49      11.3       0.0                           6166442.0000

  Beginning WLM Backend Optimization
  --------------------------------------
    0:00:07    1346.7      0.49      11.3       0.0                           5729964.0000
    0:00:07    1345.9      0.49      11.3       0.0                           5649869.0000
    0:00:07    1345.9      0.49      11.3       0.0                           5649869.0000
    0:00:07    1345.4      0.49      11.3       0.0                           5630745.0000
    0:00:07    1345.4      0.49      11.3       0.0                           5630745.0000
    0:00:08    1345.4      0.49      11.3       0.0                           5630745.0000
    0:00:08    1345.4      0.49      11.3       0.0                           5630745.0000
    0:00:08    1345.4      0.49      11.3       0.0                           5630745.0000
    0:00:08    1345.4      0.49      11.3       0.0                           5630745.0000
    0:00:10    1345.4      0.49      11.3       0.0                           5630745.0000
    0:00:10    1345.4      0.49      11.3       0.0                           5630745.0000
    0:00:10    1346.7      0.49      11.3       0.0                           5665187.0000
    0:00:10    1346.7      0.49      11.3       0.0                           5665187.0000
    0:00:11    1346.7      0.49      11.3       0.0                           5665187.0000
    0:00:11    1346.7      0.49      11.3       0.0                           5665187.0000
    0:00:11    1346.7      0.49      11.3       0.0                           5665187.0000
    0:00:11    1346.7      0.49      11.3       0.0                           5665187.0000
    0:00:12    1346.7      0.49      11.3       0.0                           5665187.0000
    0:00:12    1346.7      0.49      11.3       0.0                           5665187.0000
    0:00:13    1346.7      0.49      11.3       0.0                           5665187.0000
    0:00:13    1346.7      0.49      11.3       0.0                           5665187.0000
    0:00:14    1346.7      0.49      11.3       0.0                           5665187.0000
    0:00:14    1388.9      0.46      10.9       0.0                           7714401.5000
    0:00:15    1396.8      0.46      10.9       0.0                           7915712.0000

Threshold voltage group cell usage:
>> saed32cell_hvt 100.00%


  Beginning Leakage Power Optimization  (max_leakage_power 0)
  ------------------------------------

                                  TOTAL                                                
   ELAPSED            WORST NEG   SETUP    DESIGN                              LEAKAGE 
    TIME      AREA      SLACK     COST    RULE COST         ENDPOINT            POWER  
  --------- --------- --------- --------- --------- ------------------------- ---------
    0:00:15    1396.8      0.46      10.9       0.0                           7915712.0000
  Global Optimization (Phase 31)
  Global Optimization (Phase 32)
  Global Optimization (Phase 33)
  Global Optimization (Phase 34)
  Global Optimization (Phase 35)
  Global Optimization (Phase 36)
  Global Optimization (Phase 37)
  Global Optimization (Phase 38)
  Global Optimization (Phase 39)
  Global Optimization (Phase 40)
  Global Optimization (Phase 41)
  Global Optimization (Phase 42)
  Global Optimization (Phase 43)
  Global Optimization (Phase 44)
  Global Optimization (Phase 45)
    0:00:16    1354.8      0.46      10.7       0.0                           8265286.0000
    0:00:17    1354.8      0.46      10.7       0.0                           8265286.0000
    0:00:17    1354.8      0.46      10.7       0.0                           8265286.0000
    0:00:17    1349.5      0.46      10.7       0.0                           7615680.0000
    0:00:17    1349.5      0.46      10.7       0.0                           7615680.0000
    0:00:18    1349.5      0.46      10.7       0.0                           7615680.0000
    0:00:18    1349.5      0.46      10.7       0.0                           7615680.0000
    0:00:18    1349.5      0.45      10.7       0.0                           7619235.5000
    0:00:18    1349.5      0.45      10.7       0.0                           7619235.5000
    0:00:20    1351.5      0.45      10.7       0.0                           7631115.5000
    0:00:20    1351.5      0.45      10.7       0.0                           7631115.5000
    0:00:20    1353.8      0.45      10.7       0.0                           7651807.0000
    0:00:20    1353.8      0.45      10.7       0.0                           7651807.0000
    0:00:22    1353.8      0.45      10.7       0.0                           7651807.0000
    0:00:22    1353.8      0.45      10.7       0.0                           7651807.0000
    0:00:22    1353.8      0.45      10.7       0.0                           7651807.0000
    0:00:22    1353.8      0.45      10.7       0.0                           7651807.0000
    0:00:24    1353.8      0.45      10.7       0.0                           7651807.0000
    0:00:24    1353.8      0.45      10.7       0.0                           7651807.0000
    0:00:24    1353.8      0.45      10.7       0.0                           7651807.0000
    0:00:24    1353.8      0.45      10.7       0.0                           7651807.0000
    0:00:26    1353.8      0.45      10.7       0.0                           7651807.0000

                                  TOTAL                                                
   ELAPSED            WORST NEG   SETUP    DESIGN                              LEAKAGE 
    TIME      AREA      SLACK     COST    RULE COST         ENDPOINT            POWER  
  --------- --------- --------- --------- --------- ------------------------- ---------
    0:00:26    1353.8      0.45      10.7       0.0                           7651807.0000
    0:00:26    1316.5      0.45      10.7       0.0                           4392108.0000
    0:00:26    1316.5      0.45      10.7       0.0                           4392108.0000
    0:00:26    1316.5      0.45      10.7       0.0                           4392108.0000
    0:00:26    1316.5      0.45      10.7       0.0                           4392108.0000
    0:00:26    1315.4      0.45      10.7       0.0                           4360885.0000
    0:00:26    1316.0      0.45      10.7       0.0                           4383175.5000
    0:00:26    1316.0      0.45      10.7       0.0                           4383175.5000
    0:00:26    1316.0      0.45      10.7       0.0                           4383175.5000
    0:00:27    1316.0      0.45      10.7       0.0                           4383175.5000
    0:00:27    1316.0      0.45      10.7       0.0                           4383175.5000
    0:00:27    1314.7      0.45      10.7       0.0                           4285460.0000
Loading db file '/research/cas/public/DT2_2023/lib/logic_lib/saed32hvt_tt1p05v25c.db'


Note: Symbol # after min delay cost means estimated hold TNS across all active scenarios 


  Optimization Complete
  ---------------------
Information: State dependent leakage is now switched from off to on.
Information: Propagating switching activity (low effort zero delay simulation). (PWR-6)
Warning: There is no defined clock in the design. (PWR-80)
1
##########################################################################################################################
#
# WRITE OUT RESULTS
#
##########################################################################################################################
report_timing
Information: Updating design information... (UID-85)
 
****************************************
Report : timing
        -path full
        -delay max
        -max_paths 1
Design : acs
Version: T-2022.03-SP5-1
Date   : Sun Jul 28 04:43:03 2024
****************************************

Operating Conditions: tt1p05v25c   Library: saed32hvt_tt1p05v25c
Wire Load Model Mode: enclosed

  Startpoint: bpm_in[1] (input port)
  Endpoint: pm_out[0] (output port)
  Path Group: default
  Path Type: max

  Des/Clust/Port     Wire Load Model       Library
  ------------------------------------------------
  acs                8000                  saed32hvt_tt1p05v25c

  Point                                    Incr       Path
  -----------------------------------------------------------
  input external delay                     0.00       0.00 r
  bpm_in[1] (in)                           0.00       0.00 r
  U206/Y (NOR2X0_HVT)                      0.08       0.08 f
  U286/Y (OAI21X2_HVT)                     0.11       0.19 r
  U289/Y (AOI21X1_HVT)                     0.13       0.32 f
  U110/Y (OAI21X2_HVT)                     0.11       0.42 r
  U308/Y (AOI21X2_HVT)                     0.14       0.56 f
  U402/Y (OA21X1_HVT)                      0.08       0.64 f
  U404/Y (XOR2X2_HVT)                      0.13       0.77 r
  U405/Y (OR2X1_HVT)                       0.08       0.85 r
  U406/Y (OA21X1_HVT)                      0.08       0.93 r
  U587/Y (NAND3X0_HVT)                     0.08       1.01 f
  U588/Y (NAND2X0_HVT)                     0.06       1.07 r
  U589/Y (NAND3X0_HVT)                     0.07       1.14 f
  U590/Y (AND3X1_HVT)                      0.11       1.25 f
  U610/Y (NBUFFX4_HVT)                     0.08       1.33 f
  U616/Y (MUX21X1_HVT)                     0.12       1.45 r
  pm_out[0] (out)                          0.00       1.45 r
  data arrival time                                   1.45

  max_delay                                1.00       1.00
  output external delay                    0.00       1.00
  data required time                                  1.00
  -----------------------------------------------------------
  data required time                                  1.00
  data arrival time                                  -1.45
  -----------------------------------------------------------
  slack (VIOLATED)                                   -0.45


1
report_area -designware > reports/${DESIGN_NAME}.gatelevel.area.txt
report_timing > reports/${DESIGN_NAME}.gatelevel.timing.txt
report_qor > reports/${DESIGN_NAME}.gatelevel.qor.txt
read_saif -auto_map_names -input output/${DESIGN_NAME}.saif -instance_name ${DESIGN_NAME}_tb/DUT -verbose
Error: Cannot find the SAIF file (output/acs.saif). (PWR-201)
0
report_power > reports/${DESIGN_NAME}.gatelevel.power.txt
report_reference  -hierarchy > reports/${DESIGN_NAME}.gatelevel.reference.txt
change_names -rules verilog -hierarchy
1
write -hierarchy -format verilog -output output/${DESIGN_NAME}_gatelevel.v
Writing verilog file '/study/2023/521404A/nsreegit22/DT2_2023/labs/lab4_acs/workdir/output/acs_gatelevel.v'.
1
write_sdf -version 2.1 output/${DESIGN_NAME}_gatelevel.sdf
Information: Annotated 'cell' delays are assumed to include load delay. (UID-282)
Information: Writing timing information to file '/study/2023/521404A/nsreegit22/DT2_2023/labs/lab4_acs/workdir/output/acs_gatelevel.sdf'. (WT-3)
1
reset_timing_derate
1
write_sdc -version 1.7 output/${DESIGN_NAME}_gatelevel.sdc
1
saif_map -write_map output/${DESIGN_NAME}_rtl.saifmap
Information: Writing SAIF name mapping information to file 'output/acs_rtl.saifmap'. (PWR-635)
1
gui_start
Current design is 'acs'.
4.1.1
gui_create_schematic
Current design is 'acs'.
Schematic.1
Schematic.1
