##########################################################################################################################
#
# SETUP SECTION
#
##########################################################################################################################
remove_design -all
1
set sh_output_log_file reports/dc.log
reports/dc.log
set REF_LIB_PATH       $env(REF_LIB_PATH)
/research/cas/public/DT2_2023/lib
set DC_ALIB_PATH       "${REF_LIB_PATH}/logic_lib/alib-52"
/research/cas/public/DT2_2023/lib/logic_lib/alib-52
set search_path        "${REF_LIB_PATH}/logic_lib $search_path"
/research/cas/public/DT2_2023/lib/logic_lib . /sw/rhel7/synopsys/syn/T-2022.03-SP5-1/libraries/syn /sw/rhel7/synopsys/syn/T-2022.03-SP5-1/dw/syn_ver /sw/rhel7/synopsys/syn/T-2022.03-SP5-1/dw/sim_ver
set target_library     "saed32hvt_tt1p05v25c.db"
saed32hvt_tt1p05v25c.db
set synthetic_library  "dw_foundation.sldb"
dw_foundation.sldb
set link_library       "* saed32hvt_tt1p05v25c.db dw_foundation.sldb"
* saed32hvt_tt1p05v25c.db dw_foundation.sldb
set_app_var alib_library_analysis_path $DC_ALIB_PATH
/research/cas/public/DT2_2023/lib/logic_lib/alib-52
saif_map -start
Information: The SAIF name mapping information database is now active. (PWR-602)
1
define_design_lib WORK -path output/synopsys_work
1
source input/0_setup_design.tcl 
input/ff_tb.sv
set user $::env(USER)
nsreegit22
set char  [string index $user 0]
n
scan $char %c numval
1
set derate [expr { 1.0 + ( ($numval-96.0) / 500 ) } ]
1.028
echo $derate
1.028
##########################################################################################################################
#
# DESIGN IMPORT
#
##########################################################################################################################
analyze -library WORK -format sverilog ${RTL_FILES}
Running PRESTO HDLC
Compiling source file ./input/ff.sv
Presto compilation completed successfully.
Loading db file '/research/cas/public/DT2_2023/lib/logic_lib/saed32hvt_tt1p05v25c.db'
Loading db file '/sw/rhel7/synopsys/syn/T-2022.03-SP5-1/libraries/syn/dw_foundation.sldb'
1
elaborate $DESIGN_NAME -library WORK
Loading db file '/sw/rhel7/synopsys/syn/T-2022.03-SP5-1/libraries/syn/gtech.db'
Loading db file '/sw/rhel7/synopsys/syn/T-2022.03-SP5-1/libraries/syn/standard.sldb'
  Loading link library 'saed32hvt_tt1p05v25c'
  Loading link library 'gtech'
Running PRESTO HDLC

Inferred memory devices in process
        in routine ff line 14 in file
                './input/ff.sv'.
===============================================================================
|    Register Name    |   Type    | Width | Bus | MB | AR | AS | SR | SS | ST |
===============================================================================
|     ar_out_reg      | Flip-flop |   1   |  N  | N  | Y  | N  | N  | N  | N  |
===============================================================================

Inferred memory devices in process
        in routine ff line 24 in file
                './input/ff.sv'.
===============================================================================
|    Register Name    |   Type    | Width | Bus | MB | AR | AS | SR | SS | ST |
===============================================================================
|     as_out_reg      | Flip-flop |   1   |  N  | N  | N  | Y  | N  | N  | N  |
===============================================================================

Inferred memory devices in process
        in routine ff line 34 in file
                './input/ff.sv'.
===============================================================================
|    Register Name    |   Type    | Width | Bus | MB | AR | AS | SR | SS | ST |
===============================================================================
|     sr_out_reg      | Flip-flop |   1   |  N  | N  | N  | N  | N  | N  | N  |
===============================================================================

Inferred memory devices in process
        in routine ff line 43 in file
                './input/ff.sv'.
===============================================================================
|    Register Name    |   Type    | Width | Bus | MB | AR | AS | SR | SS | ST |
===============================================================================
|     br_out_reg      | Flip-flop |   1   |  N  | N  | Y  | N  | N  | N  | N  |
===============================================================================
Presto compilation completed successfully. (ff)
Elaborated 1 design.
Current design is now 'ff'.
1
current_design ${DESIGN_NAME}
Current design is 'ff'.
{ff}
if { [ file exists input/constraints.sdc] } {
    read_sdc input/constraints.sdc
}
if { [ file exists input/constraints.tcl] } {
    source input/constraints.tcl
}
1
##########################################################################################################################
#
# OPTIMIZATION
#
##########################################################################################################################
set_timing_derate -max -late $derate
1
if { [info exists DC_COMPILE_COMMAND] } {
    eval "$DC_COMPILE_COMMAND"
} else {
    compile_ultra
}
Information: Performing power optimization. (PWR-850)
Alib files are up-to-date.
Information: Evaluating DesignWare library utilization. (UISN-27)

============================================================================
| DesignWare Building Block Library  |         Version         | Available |
============================================================================
| Basic DW Building Blocks           | T-2022.03-DWBB_202203.4 |     *     |
| Licensed DW Building Blocks        | T-2022.03-DWBB_202203.4 |     *     |
============================================================================

====================================================================================================
| Flow Information                                                                                 |
----------------------------------------------------------------------------------------------------
| Flow         | Design Compiler WLM                                                               |
| Comand Line  | compile_ultra                                                                     |
====================================================================================================
| Design Information                                      | Value                                  |
====================================================================================================
| Number of Scenarios                                     | 0                                      |
| Leaf Cell Count                                         | 8                                      |
| Number of User Hierarchies                              | 0                                      |
| Sequential Cell Count                                   | 4                                      |
| Macro Count                                             | 0                                      |
| Number of Power Domains                                 | 0                                      |
| Number of Path Groups                                   | 2                                      |
| Number of VT Class                                      | 1                                      |
| Number of Clocks                                        | 1                                      |
| Number of Dont Touch Cells                              | 2                                      |
| Number of Dont Touch Nets                               | 0                                      |
| Number of Size Only Cells                               | 0                                      |
| Design with UPF Data                                    | false                                  |
====================================================================================================
Information: Sequential output inversion is enabled.  SVF file must be used for formal verification. (OPT-1208)
  Simplifying Design 'ff'

Loaded alib file '/research/cas/public/DT2_2023/lib/logic_lib/alib-52/saed32hvt_tt1p05v25c.db.alib'
  Building model 'DW01_NAND2'
Information: Ungrouping 0 of 1 hierarchies before Pass 1 (OPT-775)
Information: State dependent leakage is now switched from on to off.

  Beginning Pass 1 Mapping
  ------------------------
  Processing 'ff'

  Updating timing information
Information: Updating design information... (UID-85)
Information: The library cell 'PMT3_HVT' in the library 'saed32hvt_tt1p05v25c' is not characterized for internal power. (PWR-536)
Information: The library cell 'PMT2_HVT' in the library 'saed32hvt_tt1p05v25c' is not characterized for internal power. (PWR-536)
Information: The library cell 'PMT1_HVT' in the library 'saed32hvt_tt1p05v25c' is not characterized for internal power. (PWR-536)
Information: The library cell 'NMT3_HVT' in the library 'saed32hvt_tt1p05v25c' is not characterized for internal power. (PWR-536)
Information: The library cell 'NMT2_HVT' in the library 'saed32hvt_tt1p05v25c' is not characterized for internal power. (PWR-536)
Information: The library cell 'NMT1_HVT' in the library 'saed32hvt_tt1p05v25c' is not characterized for internal power. (PWR-536)
Information: The target library(s) contains cell(s), other than black boxes, that are not characterized for internal power. (PWR-24)

Threshold voltage group cell usage:
>> saed32cell_hvt 100.00%

  Beginning Mapping Optimizations  (Ultra High effort)
  -------------------------------
Information: There is no timing violation in design ff. Delay-based auto_ungroup will not be performed. (OPT-780)

                                  TOTAL                                                
   ELAPSED            WORST NEG   SETUP    DESIGN                              LEAKAGE 
    TIME      AREA      SLACK     COST    RULE COST         ENDPOINT            POWER  
  --------- --------- --------- --------- --------- ------------------------- ---------
    0:00:01      31.3      0.00       0.0       0.0                           166036.1406
    0:00:01      31.3      0.00       0.0       0.0                           166036.1406

Threshold voltage group cell usage:
>> saed32cell_hvt 100.00%

  Beginning Constant Register Removal
  -----------------------------------
    0:00:01      31.3      0.00       0.0       0.0                           166036.1406
    0:00:01      31.3      0.00       0.0       0.0                           166036.1406

Threshold voltage group cell usage:
>> saed32cell_hvt 100.00%

  Beginning Global Optimizations
  ------------------------------
  Numerical Synthesis (Phase 1)
  Numerical Synthesis (Phase 2)
  Global Optimization (Phase 1)
  Global Optimization (Phase 2)
  Global Optimization (Phase 3)
  Global Optimization (Phase 4)
  Global Optimization (Phase 5)
  Global Optimization (Phase 6)
  Global Optimization (Phase 7)
  Global Optimization (Phase 8)
  Global Optimization (Phase 9)
  Global Optimization (Phase 10)
  Global Optimization (Phase 11)
  Global Optimization (Phase 12)
  Global Optimization (Phase 13)
  Global Optimization (Phase 14)
  Global Optimization (Phase 15)
  Global Optimization (Phase 16)
  Global Optimization (Phase 17)
  Global Optimization (Phase 18)
  Global Optimization (Phase 19)
  Global Optimization (Phase 20)
  Global Optimization (Phase 21)
  Global Optimization (Phase 22)
  Global Optimization (Phase 23)
  Global Optimization (Phase 24)
  Global Optimization (Phase 25)
  Global Optimization (Phase 26)
  Global Optimization (Phase 27)
  Global Optimization (Phase 28)

Threshold voltage group cell usage:
>> saed32cell_hvt 100.00%

  Beginning Isolate Ports
  -----------------------

Threshold voltage group cell usage:
>> saed32cell_hvt 100.00%

  Beginning Delay Optimization
  ----------------------------
    0:00:01      31.3      0.00       0.0       0.0                           169591.5781
    0:00:01      31.3      0.00       0.0       0.0                           169591.5781
    0:00:01      31.3      0.00       0.0       0.0                           169591.5781
    0:00:01      31.3      0.00       0.0       0.0                           169591.5781

Threshold voltage group cell usage:
>> saed32cell_hvt 100.00%
    0:00:01      31.3      0.00       0.0       0.0                           169591.5781
    0:00:01      31.3      0.00       0.0       0.0                           169591.5781

  Beginning WLM Backend Optimization
  --------------------------------------
    0:00:01      31.3      0.00       0.0       0.0                           169591.5781
    0:00:01      31.3      0.00       0.0       0.0                           169591.5781
    0:00:01      31.3      0.00       0.0       0.0                           169591.5781
    0:00:01      31.3      0.00       0.0       0.0                           166036.1406
    0:00:01      31.3      0.00       0.0       0.0                           166036.1406
    0:00:01      31.3      0.00       0.0       0.0                           166036.1406
    0:00:01      31.3      0.00       0.0       0.0                           166036.1406
    0:00:01      31.3      0.00       0.0       0.0                           166036.1406
    0:00:01      31.3      0.00       0.0       0.0                           166036.1406
    0:00:01      31.3      0.00       0.0       0.0                           166036.1406
    0:00:01      31.3      0.00       0.0       0.0                           166036.1406
    0:00:01      31.3      0.00       0.0       0.0                           166036.1406
    0:00:01      31.3      0.00       0.0       0.0                           166036.1406
    0:00:01      31.3      0.00       0.0       0.0                           166036.1406
    0:00:01      31.3      0.00       0.0       0.0                           166036.1406
    0:00:01      31.3      0.00       0.0       0.0                           166036.1406
    0:00:01      31.3      0.00       0.0       0.0                           166036.1406
    0:00:01      31.3      0.00       0.0       0.0                           166036.1406
    0:00:01      31.3      0.00       0.0       0.0                           166036.1406
    0:00:01      31.3      0.00       0.0       0.0                           166036.1406
    0:00:01      31.3      0.00       0.0       0.0                           166036.1406
    0:00:01      31.3      0.00       0.0       0.0                           166036.1406
    0:00:01      31.3      0.00       0.0       0.0                           166036.1406
    0:00:01      31.3      0.00       0.0       0.0                           166036.1406

Threshold voltage group cell usage:
>> saed32cell_hvt 100.00%


  Beginning Leakage Power Optimization  (max_leakage_power 0)
  ------------------------------------

                                  TOTAL                                                
   ELAPSED            WORST NEG   SETUP    DESIGN                              LEAKAGE 
    TIME      AREA      SLACK     COST    RULE COST         ENDPOINT            POWER  
  --------- --------- --------- --------- --------- ------------------------- ---------
    0:00:01      31.3      0.00       0.0       0.0                           166036.1406
  Global Optimization (Phase 29)
  Global Optimization (Phase 30)
  Global Optimization (Phase 31)
  Global Optimization (Phase 32)
  Global Optimization (Phase 33)
  Global Optimization (Phase 34)
  Global Optimization (Phase 35)
  Global Optimization (Phase 36)
  Global Optimization (Phase 37)
  Global Optimization (Phase 38)
    0:00:01      31.3      0.00       0.0       0.0                           166036.1406
    0:00:01      31.3      0.00       0.0       0.0                           166036.1406
    0:00:01      31.3      0.00       0.0       0.0                           166036.1406
    0:00:02      31.3      0.00       0.0       0.0                           166036.1406
    0:00:02      31.3      0.00       0.0       0.0                           166036.1406
    0:00:02      31.3      0.00       0.0       0.0                           166036.1406
    0:00:02      31.3      0.00       0.0       0.0                           166036.1406
    0:00:02      31.3      0.00       0.0       0.0                           166036.1406
    0:00:02      31.3      0.00       0.0       0.0                           166036.1406
    0:00:02      31.3      0.00       0.0       0.0                           166036.1406
    0:00:02      31.3      0.00       0.0       0.0                           166036.1406
    0:00:02      31.3      0.00       0.0       0.0                           166036.1406
    0:00:02      31.3      0.00       0.0       0.0                           166036.1406
    0:00:02      31.3      0.00       0.0       0.0                           166036.1406
    0:00:02      31.3      0.00       0.0       0.0                           166036.1406
    0:00:02      31.3      0.00       0.0       0.0                           166036.1406
    0:00:02      31.3      0.00       0.0       0.0                           166036.1406
    0:00:02      31.3      0.00       0.0       0.0                           166036.1406
    0:00:02      31.3      0.00       0.0       0.0                           166036.1406
    0:00:02      31.3      0.00       0.0       0.0                           166036.1406
    0:00:02      31.3      0.00       0.0       0.0                           166036.1406
    0:00:02      31.3      0.00       0.0       0.0                           166036.1406

                                  TOTAL                                                
   ELAPSED            WORST NEG   SETUP    DESIGN                              LEAKAGE 
    TIME      AREA      SLACK     COST    RULE COST         ENDPOINT            POWER  
  --------- --------- --------- --------- --------- ------------------------- ---------
    0:00:02      31.3      0.00       0.0       0.0                           166036.1406
    0:00:02      31.3      0.00       0.0       0.0                           166036.1406
    0:00:02      31.3      0.00       0.0       0.0                           166036.1406
    0:00:02      31.3      0.00       0.0       0.0                           166036.1406
    0:00:02      31.3      0.00       0.0       0.0                           166036.1406
    0:00:02      31.3      0.00       0.0       0.0                           166036.1406
    0:00:02      31.3      0.00       0.0       0.0                           166036.1406
    0:00:02      31.3      0.00       0.0       0.0                           166036.1406
    0:00:02      31.3      0.00       0.0       0.0                           166036.1406
    0:00:02      31.3      0.00       0.0       0.0                           166036.1406
    0:00:02      31.3      0.00       0.0       0.0                           166036.1406
Loading db file '/research/cas/public/DT2_2023/lib/logic_lib/saed32hvt_tt1p05v25c.db'


Note: Symbol # after min delay cost means estimated hold TNS across all active scenarios 


  Optimization Complete
  ---------------------
Information: State dependent leakage is now switched from off to on.
Information: Propagating switching activity (low effort zero delay simulation). (PWR-6)
1
##########################################################################################################################
#
# WRITE OUT RESULTS
#
##########################################################################################################################
report_timing
Information: Updating design information... (UID-85)
 
****************************************
Report : timing
        -path full
        -delay max
        -max_paths 1
Design : ff
Version: T-2022.03-SP5-1
Date   : Sun Jul 28 11:37:30 2024
****************************************

Operating Conditions: tt1p05v25c   Library: saed32hvt_tt1p05v25c
Wire Load Model Mode: enclosed

  Startpoint: reset (input port clocked by clk)
  Endpoint: sr_out_reg (rising edge-triggered flip-flop clocked by clk)
  Path Group: clk
  Path Type: max

  Des/Clust/Port     Wire Load Model       Library
  ------------------------------------------------
  ff                 ForQA                 saed32hvt_tt1p05v25c

  Point                                    Incr       Path
  -----------------------------------------------------------
  clock clk (rise edge)                    0.00       0.00
  clock network delay (ideal)              0.00       0.00
  input external delay                     0.00       0.00 f
  reset (in)                               0.00       0.00 f
  U5/Y (INVX0_HVT)                         0.04       0.04 r
  U6/Y (AND2X1_HVT)                        0.08       0.12 r
  sr_out_reg/D (DFFX1_HVT)                 0.01       0.14 r
  data arrival time                                   0.14

  clock clk (rise edge)                    5.00       5.00
  clock network delay (ideal)              0.00       5.00
  sr_out_reg/CLK (DFFX1_HVT)               0.00       5.00 r
  library setup time                      -0.07       4.93
  data required time                                  4.93
  -----------------------------------------------------------
  data required time                                  4.93
  data arrival time                                  -0.14
  -----------------------------------------------------------
  slack (MET)                                         4.80


1
report_area -designware > reports/${DESIGN_NAME}.gatelevel.area.txt
report_timing > reports/${DESIGN_NAME}.gatelevel.timing.txt
report_qor > reports/${DESIGN_NAME}.gatelevel.qor.txt
read_saif -auto_map_names -input output/${DESIGN_NAME}.saif -instance_name ${DESIGN_NAME}_tb/DUT -verbose
1
report_power > reports/${DESIGN_NAME}.gatelevel.power.txt
report_reference  -hierarchy > reports/${DESIGN_NAME}.gatelevel.reference.txt
change_names -rules verilog -hierarchy
1
write -hierarchy -format verilog -output output/${DESIGN_NAME}_gatelevel.v
Writing verilog file '/study/2023/521404A/nsreegit22/DT2_2023/labs/lab6_ff/workdir/output/ff_gatelevel.v'.
1
write_sdf -version 2.1 output/${DESIGN_NAME}_gatelevel.sdf
Information: Annotated 'cell' delays are assumed to include load delay. (UID-282)
Information: Writing timing information to file '/study/2023/521404A/nsreegit22/DT2_2023/labs/lab6_ff/workdir/output/ff_gatelevel.sdf'. (WT-3)
1
reset_timing_derate
1
write_sdc -version 1.7 output/${DESIGN_NAME}_gatelevel.sdc
1
saif_map -write_map output/${DESIGN_NAME}_rtl.saifmap
Information: Writing SAIF name mapping information to file 'output/ff_rtl.saifmap'. (PWR-635)
1
gui_start
Current design is 'ff'.
4.1.1
gui_create_schematic
Current design is 'ff'.
Schematic.1
Schematic.1
